<?xml version="1.0" encoding="UTF-8"?>
<testng-results skipped="0" failed="0" total="1" passed="1">
  <reporter-output>
    <line>
      <![CDATA[no of rows are::8   No of columns are::4]]>
    </line>
    <line>
      <![CDATA[Login Success]]>
    </line>
    <line>
      <![CDATA[Invalid credentials]]>
    </line>
    <line>
      <![CDATA[Invalid credentials]]>
    </line>
    <line>
      <![CDATA[Username cannot be empty]]>
    </line>
    <line>
      <![CDATA[Password cannot be empty]]>
    </line>
    <line>
      <![CDATA[Username cannot be empty]]>
    </line>
    <line>
      <![CDATA[Login Success]]>
    </line>
    <line>
      <![CDATA[Invalid credentials]]>
    </line>
  </reporter-output>
  <suite name="Default suite" duration-ms="75409" started-at="2020-05-20T03:06:30Z" finished-at="2020-05-20T03:07:46Z">
    <groups>
    </groups>
    <test name="Default test" duration-ms="75409" started-at="2020-05-20T03:06:30Z" finished-at="2020-05-20T03:07:46Z">
      <class name="may20.OrangeHRM">
        <test-method status="PASS" signature="setUp()[pri:0, instance:may20.OrangeHRM@457e2f02]" name="setUp" is-config="true" duration-ms="8855" started-at="2020-05-20T08:36:30Z" finished-at="2020-05-20T08:36:39Z">
          <reporter-output>
          </reporter-output>
        </test-method> <!-- setUp -->
        <test-method status="PASS" signature="verifyLogin()[pri:0, instance:may20.OrangeHRM@457e2f02]" name="verifyLogin" duration-ms="66316" started-at="2020-05-20T08:36:39Z" finished-at="2020-05-20T08:37:45Z">
          <reporter-output>
            <line>
              <![CDATA[no of rows are::8   No of columns are::4]]>
            </line>
            <line>
              <![CDATA[Login Success]]>
            </line>
            <line>
              <![CDATA[Invalid credentials]]>
            </line>
            <line>
              <![CDATA[Invalid credentials]]>
            </line>
            <line>
              <![CDATA[Username cannot be empty]]>
            </line>
            <line>
              <![CDATA[Password cannot be empty]]>
            </line>
            <line>
              <![CDATA[Username cannot be empty]]>
            </line>
            <line>
              <![CDATA[Login Success]]>
            </line>
            <line>
              <![CDATA[Invalid credentials]]>
            </line>
          </reporter-output>
        </test-method> <!-- verifyLogin -->
        <test-method status="PASS" signature="tearDown()[pri:0, instance:may20.OrangeHRM@457e2f02]" name="tearDown" is-config="true" duration-ms="201" started-at="2020-05-20T08:37:45Z" finished-at="2020-05-20T08:37:46Z">
          <reporter-output>
          </reporter-output>
        </test-method> <!-- tearDown -->
      </class> <!-- may20.OrangeHRM -->
    </test> <!-- Default test -->
  </suite> <!-- Default suite -->
</testng-results>
