<?xml version="1.0" encoding="UTF-8"?>
<!-- Generated by org.testng.reporters.JUnitXMLReporter -->
<testsuite hostname="LAPTOP-1I2596E2" name="Report" tests="5" failures="0" timestamp="12 May 2020 03:13:38 GMT" time="105.999" errors="0">
  <testcase name="braches" time="5.353" classname="may11.Demo1"/>
  <testcase name="roles" time="5.328" classname="may11.Demo1"/>
  <testcase name="users" time="5.313" classname="may11.Demo1"/>
  <testcase name="register" time="1.37" classname="may11.Demo2"/>
  <testcase name="cruises" time="6.083" classname="may11.Demo2"/>
</testsuite> <!-- Report -->
